Arguments: 
  C:\Program Files\nodejs\node.exe C:\Users\guiga\AppData\Roaming\npm\node_modules\yarn\bin\yarn.js add C:\Users\guiga\Projetos\Linux\Projetos\Pessoais\t-parser\dist

PATH: 
  C:\Program Files\AdoptOpenJDK\jdk-11.0.11.9-hotspot\bin;C:\Windows\system32;C:\Windows;C:\Windows\System32\Wbem;C:\Windows\System32\WindowsPowerShell\v1.0\;C:\Windows\System32\OpenSSH\;C:\Program Files\PuTTY\;C:\Program Files\Microsoft VS Code\bin;C:\ProgramData\chocolatey\bin;C:\Program Files\nodejs\;C:\Users\guiga\AppData\Local\Android\Sdk\platform-tools;C:\Program Files\Git\cmd;C:\Users\guiga\gcc\bin;C:\Program Files\NVIDIA Corporation\NVIDIA NvDLISR;C:\Program Files (x86)\NVIDIA Corporation\PhysX\Common;C:\WINDOWS\system32;C:\WINDOWS;C:\WINDOWS\System32\Wbem;C:\WINDOWS\System32\WindowsPowerShell\v1.0\;C:\WINDOWS\System32\OpenSSH\;C:\Users\guiga\AppData\Local\Android\Sdk\tools\bin;C:\Users\guiga\AppData\Local\Microsoft\WindowsApps;C:\Users\guiga\AppData\Roaming\npm;C:\Users\guiga\AppData\Local\GitHubDesktop\bin;C:\Users\guiga\scrcpy;

Yarn version: 
  1.22.10

Node version: 
  16.2.0

Platform: 
  win32 x64

Trace: 
  Error: EINVAL: invalid argument, mkdir 'C:\Users\guiga\AppData\Local\Yarn\Cache\v6\npm-sers-guiga-rojetos-inux-rojetos-essoais-t-parser-0.0.0-bd2baa09-0bd3-4ff6-afb9-02e6abc4f1c6-1640157225469\node_modules\C:\Users\guiga\Projetos\Linux\Projetos\Pessoais\t-parser'

npm manifest: 
  {
      "name": "T-VM",
      "version": "0.0.1",
      "description": "16 bit virutal machine with no libraries",
      "main": "index.ts",
      "repository": "git@github.com:TramontaG/T-VM.git",
      "author": "Guilherme Tramontano <tramontano.guiherme@yahoo.com.br>",
      "license": "MIT",
      "scripts": {
          "start": "tsc && node ./dist/index.js"
      },
      "dependencies": {}
  }

yarn manifest: 
  No manifest

Lockfile: 
  # THIS IS AN AUTOGENERATED FILE. DO NOT EDIT THIS FILE DIRECTLY.
  # yarn lockfile v1
